[09-Feb-23 19:29:20] Number of combinations: 2199023255552 Target: 30012429.20 Tolerance: 0
[09-Feb-23 19:29:20] ****************************************
[09-Feb-23 19:29:20] Progress: 0.00% Error: 30012429.20
()
[09-Feb-23 19:29:20] Progress: 0.00% Error: 24637012.70
(5375416.5,)
[09-Feb-23 19:29:20] Progress: 0.00% Error: 19634040.54
(5375416.5, 5002972.16)
[09-Feb-23 19:29:20] Progress: 0.00% Error: 15471906.37
(5375416.5, 5002972.16, 4162134.17)
[09-Feb-23 19:29:20] Progress: 0.00% Error: 12274812.35
(5375416.5, 5002972.16, 4162134.17, 3197094.02)
[09-Feb-23 19:29:20] Progress: 0.00% Error: 9833108.17
(5375416.5, 5002972.16, 4162134.17, 3197094.02, 2441704.18)
[09-Feb-23 19:29:23] Progress: 0.00% Error: 7732026.26
(5375416.5, 5002972.16, 4162134.17, 3197094.02, 2441704.18, 2101081.91)
[09-Feb-23 19:29:43] Progress: 0.00% Error: 5886920.63
(5375416.5, 5002972.16, 4162134.17, 3197094.02, 2441704.18, 2101081.91, 1845105.63)
[09-Feb-23 19:31:04] Progress: 0.00% Error: 4183804.19
(5375416.5, 5002972.16, 4162134.17, 3197094.02, 2441704.18, 2101081.91, 1845105.63, 1703116.44)
[09-Feb-23 19:37:40] Progress: 0.01% Error: 2489244.23
(5375416.5, 5002972.16, 4162134.17, 3197094.02, 2441704.18, 2101081.91, 1845105.63, 1703116.44, 1694559.96)
[09-Feb-23 19:46:35] Progress: 0.02% Error: 813411.93
(5375416.5, 5002972.16, 4162134.17, 3197094.02, 2441704.18, 2101081.91, 1845105.63, 1703116.44, 1694559.96, 1675832.3)
[09-Feb-23 20:15:50] Progress: 0.07% Error: 35672.93
(5375416.5, 5002972.16, 4162134.17, 3197094.02, 2441704.18, 2101081.91, 1845105.63, 1703116.44, 1694559.96, 1675832.3, 777739.0)
[09-Feb-23 20:15:50] Progress: 0.07% Error: 22748.53
(5375416.5, 5002972.16, 4162134.17, 3197094.02, 2441704.18, 2101081.91, 1845105.63, 1703116.44, 1694559.96, 1333266.55, 1133229.15)
[09-Feb-23 20:15:50] Progress: 0.07% Error: 18532.90
(5375416.5, 5002972.16, 4162134.17, 3197094.02, 2441704.18, 2101081.91, 1845105.63, 1703116.44, 1675832.3, 1439101.8, 1050337.19)
[09-Feb-23 21:43:52] Progress: 0.22% Error: 5106.87
(5375416.5, 5002972.16, 4162134.17, 3197094.02, 2441704.18, 2101081.91, 1845105.63, 1703116.44, 1694559.96, 1675832.3, 749999.96, 58305.1)
[09-Feb-23 21:43:52] Progress: 0.22% Error: 1590.18
(5375416.5, 5002972.16, 4162134.17, 3197094.02, 2441704.18, 2101081.91, 1845105.63, 1703116.44, 1694559.96, 1675832.3, 525461.99, 286359.76)
[09-Feb-23 21:43:52] Progress: 0.22% Error: 608.43
(5375416.5, 5002972.16, 4162134.17, 3197094.02, 2441704.18, 2101081.91, 1845105.63, 1703116.44, 1694559.96, 1288273.46, 939578.38, 260783.96)
[09-Feb-23 21:43:52] Progress: 0.22% Error: 189.92
(5375416.5, 5002972.16, 4162134.17, 3197094.02, 2441704.18, 2101081.91, 1845105.63, 1703116.44, 1675832.3, 1258313.77, 988684.24, 260783.96)
[09-Feb-23 21:43:52] Progress: 0.22% Error: 185.94
(5375416.5, 5002972.16, 4162134.17, 3197094.02, 2441704.18, 2101081.91, 1845105.63, 1694559.96, 1675832.3, 1050337.19, 940543.25, 525461.99)
[09-Feb-23 21:43:52] Progress: 0.22% Error: 105.17
(5375416.5, 5002972.16, 4162134.17, 3197094.02, 2441704.18, 2101081.91, 1845105.63, 1694559.96, 1675832.3, 988684.24, 777739.0, 749999.96)
[10-Feb-23 01:28:55] Progress: 0.58% Error: 83.52
(5375416.5, 5002972.16, 4162134.17, 3197094.02, 2441704.18, 2101081.91, 1845105.63, 1703116.44, 1694559.96, 988684.24, 749999.96, 740576.51, 9900.0)
[10-Feb-23 01:28:55] Progress: 0.58% Error: 32.93
(5375416.5, 5002972.16, 4162134.17, 3197094.02, 2441704.18, 2101081.91, 1845105.63, 1703116.44, 1694559.96, 988684.24, 749999.96, 489743.14, 260783.96)
[10-Feb-23 01:28:55] Progress: 0.58% Error: 15.02
(5375416.5, 5002972.16, 4162134.17, 3197094.02, 2441704.18, 2101081.91, 1845105.63, 1703116.44, 1675832.3, 1258313.77, 749999.96, 489743.14, 9900.0)
[10-Feb-23 01:28:55] Progress: 0.58% Error: 11.06
(5375416.5, 5002972.16, 4162134.17, 3197094.02, 2441704.18, 2101081.91, 1845105.63, 1703116.44, 1333266.55, 1288273.46, 988684.24, 563668.88, 9900.0)
[10-Feb-23 01:28:56] Progress: 0.58% Error: 10.50
(5375416.5, 5002972.16, 4162134.17, 3197094.02, 2441704.18, 2101081.91, 1845105.63, 1694559.96, 1439101.8, 939578.38, 749999.96, 563668.88, 500001.15)
[10-Feb-23 01:28:56] Progress: 0.58% Error: 4.05
(5375416.5, 5002972.16, 4162134.17, 3197094.02, 2441704.18, 2101081.91, 1845105.63, 1694559.96, 1258313.77, 1133229.15, 1050337.19, 740576.51, 9900.0)
[10-Feb-23 01:28:57] Progress: 0.58% Error: 3.10
(5375416.5, 5002972.16, 4162134.17, 3197094.02, 2441704.18, 2101081.91, 1845105.63, 1333266.55, 1288273.46, 1050337.19, 939578.38, 749999.96, 525461.99)
[10-Feb-23 11:23:06] Progress: 1.38% Error: 2.64
(5375416.5, 5002972.16, 4162134.17, 3197094.02, 2441704.18, 2101081.91, 1845105.63, 1439101.8, 1133229.15, 1050337.19, 740576.51, 663630.94, 576732.75, 283309.65)
[10-Feb-23 11:23:09] Progress: 1.38% Error: 0.37
(5375416.5, 5002972.16, 4162134.17, 3197094.02, 2441704.18, 2101081.91, 1845105.63, 1258313.77, 1133229.15, 940543.25, 939578.38, 777739.0, 576732.75, 260783.96)
[10-Feb-23 11:23:23] Progress: 1.38% Error: 0.17
(5375416.5, 5002972.16, 4162134.17, 3197094.02, 2441704.18, 2101081.91, 1694559.96, 1675832.3, 1258313.77, 940543.25, 777739.0, 749999.96, 576732.75, 58305.1)
[11-Feb-23 06:03:14] Progress: 2.98% Error: 0.08
(5375416.5, 5002972.16, 4162134.17, 3197094.02, 2441704.18, 2101081.91, 1845105.63, 1694559.96, 1133229.15, 988684.24, 576732.75, 563668.88, 525461.99, 286359.76, 118223.82)
[11-Feb-23 06:03:19] Progress: 2.98% Error: 0.03
(5375416.5, 5002972.16, 4162134.17, 3197094.02, 2441704.18, 2101081.91, 1845105.63, 1675832.3, 1050337.19, 988684.24, 777739.0, 500001.15, 489743.14, 286359.76, 118223.82)
[11-Feb-23 06:03:22] Progress: 2.98% Error: 0.02
(5375416.5, 5002972.16, 4162134.17, 3197094.02, 2441704.18, 2101081.91, 1845105.63, 1439101.8, 1258313.77, 1133229.15, 940543.25, 663630.94, 354672.16, 58305.1, 39124.44)
[12-Feb-23 23:45:26] Progress: 5.87% Error: 0.02
(5375416.5, 5002972.16, 4162134.17, 3197094.02, 2441704.18, 2101081.91, 1845105.63, 1439101.8, 1133229.15, 749999.96, 663630.94, 525461.99, 504002.6, 489743.14, 263527.21, 118223.82)
[12-Feb-23 23:46:11] Progress: 5.87% Error: 0.01
(5375416.5, 5002972.16, 4162134.17, 3197094.02, 2441704.18, 2101081.91, 1703116.44, 1694559.96, 1258313.77, 988684.24, 576732.75, 504002.6, 341248.95, 286359.76, 260783.96, 118223.82)
[12-Feb-23 23:56:05] Progress: 5.88% Error: 0.01
(5375416.5, 5002972.16, 4162134.17, 3197094.02, 2441704.18, 1703116.44, 1439101.8, 1333266.55, 1288273.46, 1133229.15, 740576.51, 668400.0, 563668.88, 504002.6, 341248.95, 118223.82)
[13-Feb-23 00:04:49] Progress: 5.89% Error: 0.01
(5375416.5, 5002972.16, 4162134.17, 3197094.02, 2101081.91, 1845105.63, 1703116.44, 1333266.55, 1288273.46, 988684.24, 740576.51, 668400.0, 663630.94, 563668.88, 260783.96, 118223.82)
[13-Feb-23 00:46:22] Progress: 5.95% Error: 0.01
(5375416.5, 5002972.16, 4162134.17, 2441704.18, 2101081.91, 1845105.63, 1703116.44, 1694559.96, 1288273.46, 940543.25, 749999.96, 668400.0, 663630.94, 563668.88, 525461.99, 286359.76)
[15-Feb-23 18:10:26] Progress: 10.83% Error: 0.01
(5375416.5, 5002972.16, 4162134.17, 2101081.91, 1845105.63, 1694559.96, 1675832.3, 1439101.8, 1333266.55, 1133229.15, 1050337.19, 988684.24, 749999.96, 504002.6, 354672.16, 341248.95, 260783.96)
